

Started GET "/" for 127.0.0.1 at 2014-07-08 12:39:43 +0800
Processing by SiteController#index as HTML
Completed 500 Internal Server Error in 23ms

ActionView::MissingTemplate (Missing template site/index, application/index with {:locale=>[:en], :formats=>[:html], :variants=>[], :handlers=>[:erb, :builder, :raw, :ruby, :jbuilder, :coffee]}. Searched in:
  * "/Users/LeoT/Dropbox/github/wdi/demo/bbq-pork/app/views"
):
  actionview (4.1.0) lib/action_view/path_set.rb:46:in `find'
  actionview (4.1.0) lib/action_view/lookup_context.rb:124:in `find'
  actionview (4.1.0) lib/action_view/renderer/abstract_renderer.rb:18:in `find_template'
  actionview (4.1.0) lib/action_view/renderer/template_renderer.rb:41:in `determine_template'
  actionview (4.1.0) lib/action_view/renderer/template_renderer.rb:8:in `render'
  actionview (4.1.0) lib/action_view/renderer/renderer.rb:42:in `render_template'
  actionview (4.1.0) lib/action_view/renderer/renderer.rb:23:in `render'
  actionview (4.1.0) lib/action_view/rendering.rb:99:in `_render_template'
  actionpack (4.1.0) lib/action_controller/metal/streaming.rb:217:in `_render_template'
  actionview (4.1.0) lib/action_view/rendering.rb:82:in `render_to_body'
  actionpack (4.1.0) lib/action_controller/metal/rendering.rb:32:in `render_to_body'
  actionpack (4.1.0) lib/action_controller/metal/renderers.rb:32:in `render_to_body'
  actionpack (4.1.0) lib/abstract_controller/rendering.rb:25:in `render'
  actionpack (4.1.0) lib/action_controller/metal/rendering.rb:16:in `render'
  actionpack (4.1.0) lib/action_controller/metal/instrumentation.rb:41:in `block (2 levels) in render'
  activesupport (4.1.0) lib/active_support/core_ext/benchmark.rb:12:in `block in ms'
  /Users/LeoT/.rbenv/versions/2.1.1/lib/ruby/2.1.0/benchmark.rb:294:in `realtime'
  activesupport (4.1.0) lib/active_support/core_ext/benchmark.rb:12:in `ms'
  actionpack (4.1.0) lib/action_controller/metal/instrumentation.rb:41:in `block in render'
  actionpack (4.1.0) lib/action_controller/metal/instrumentation.rb:84:in `cleanup_view_runtime'
  activerecord (4.1.0) lib/active_record/railties/controller_runtime.rb:25:in `cleanup_view_runtime'
  actionpack (4.1.0) lib/action_controller/metal/instrumentation.rb:40:in `render'
  actionpack (4.1.0) lib/action_controller/metal/implicit_render.rb:10:in `default_render'
  actionpack (4.1.0) lib/action_controller/metal/implicit_render.rb:5:in `send_action'
  actionpack (4.1.0) lib/abstract_controller/base.rb:189:in `process_action'
  actionpack (4.1.0) lib/action_controller/metal/rendering.rb:10:in `process_action'
  actionpack (4.1.0) lib/abstract_controller/callbacks.rb:20:in `block in process_action'
  activesupport (4.1.0) lib/active_support/callbacks.rb:113:in `call'
  activesupport (4.1.0) lib/active_support/callbacks.rb:113:in `call'
  activesupport (4.1.0) lib/active_support/callbacks.rb:229:in `block in halting'
  activesupport (4.1.0) lib/active_support/callbacks.rb:166:in `call'
  activesupport (4.1.0) lib/active_support/callbacks.rb:166:in `block in halting'
  activesupport (4.1.0) lib/active_support/callbacks.rb:86:in `call'
  activesupport (4.1.0) lib/active_support/callbacks.rb:86:in `run_callbacks'
  actionpack (4.1.0) lib/abstract_controller/callbacks.rb:19:in `process_action'
  actionpack (4.1.0) lib/action_controller/metal/rescue.rb:29:in `process_action'
  actionpack (4.1.0) lib/action_controller/metal/instrumentation.rb:31:in `block in process_action'
  activesupport (4.1.0) lib/active_support/notifications.rb:159:in `block in instrument'
  activesupport (4.1.0) lib/active_support/notifications/instrumenter.rb:20:in `instrument'
  activesupport (4.1.0) lib/active_support/notifications.rb:159:in `instrument'
  actionpack (4.1.0) lib/action_controller/metal/instrumentation.rb:30:in `process_action'
  actionpack (4.1.0) lib/action_controller/metal/params_wrapper.rb:250:in `process_action'
  activerecord (4.1.0) lib/active_record/railties/controller_runtime.rb:18:in `process_action'
  actionpack (4.1.0) lib/abstract_controller/base.rb:136:in `process'
  actionview (4.1.0) lib/action_view/rendering.rb:30:in `process'
  actionpack (4.1.0) lib/action_controller/metal.rb:195:in `dispatch'
  actionpack (4.1.0) lib/action_controller/metal/rack_delegation.rb:13:in `dispatch'
  actionpack (4.1.0) lib/action_controller/metal.rb:231:in `block in action'
  actionpack (4.1.0) lib/action_dispatch/routing/route_set.rb:80:in `call'
  actionpack (4.1.0) lib/action_dispatch/routing/route_set.rb:80:in `dispatch'
  actionpack (4.1.0) lib/action_dispatch/routing/route_set.rb:48:in `call'
  actionpack (4.1.0) lib/action_dispatch/journey/router.rb:71:in `block in call'
  actionpack (4.1.0) lib/action_dispatch/journey/router.rb:59:in `each'
  actionpack (4.1.0) lib/action_dispatch/journey/router.rb:59:in `call'
  actionpack (4.1.0) lib/action_dispatch/routing/route_set.rb:676:in `call'
  rack (1.5.2) lib/rack/etag.rb:23:in `call'
  rack (1.5.2) lib/rack/conditionalget.rb:25:in `call'
  rack (1.5.2) lib/rack/head.rb:11:in `call'
  actionpack (4.1.0) lib/action_dispatch/middleware/params_parser.rb:27:in `call'
  actionpack (4.1.0) lib/action_dispatch/middleware/flash.rb:254:in `call'
  rack (1.5.2) lib/rack/session/abstract/id.rb:225:in `context'
  rack (1.5.2) lib/rack/session/abstract/id.rb:220:in `call'
  actionpack (4.1.0) lib/action_dispatch/middleware/cookies.rb:560:in `call'
  activerecord (4.1.0) lib/active_record/query_cache.rb:36:in `call'
  activerecord (4.1.0) lib/active_record/connection_adapters/abstract/connection_pool.rb:621:in `call'
  activerecord (4.1.0) lib/active_record/migration.rb:380:in `call'
  actionpack (4.1.0) lib/action_dispatch/middleware/callbacks.rb:29:in `block in call'
  activesupport (4.1.0) lib/active_support/callbacks.rb:82:in `run_callbacks'
  actionpack (4.1.0) lib/action_dispatch/middleware/callbacks.rb:27:in `call'
  actionpack (4.1.0) lib/action_dispatch/middleware/reloader.rb:73:in `call'
  actionpack (4.1.0) lib/action_dispatch/middleware/remote_ip.rb:76:in `call'
  actionpack (4.1.0) lib/action_dispatch/middleware/debug_exceptions.rb:17:in `call'
  actionpack (4.1.0) lib/action_dispatch/middleware/show_exceptions.rb:30:in `call'
  railties (4.1.0) lib/rails/rack/logger.rb:38:in `call_app'
  railties (4.1.0) lib/rails/rack/logger.rb:20:in `block in call'
  activesupport (4.1.0) lib/active_support/tagged_logging.rb:68:in `block in tagged'
  activesupport (4.1.0) lib/active_support/tagged_logging.rb:26:in `tagged'
  activesupport (4.1.0) lib/active_support/tagged_logging.rb:68:in `tagged'
  railties (4.1.0) lib/rails/rack/logger.rb:20:in `call'
  actionpack (4.1.0) lib/action_dispatch/middleware/request_id.rb:21:in `call'
  rack (1.5.2) lib/rack/methodoverride.rb:21:in `call'
  rack (1.5.2) lib/rack/runtime.rb:17:in `call'
  activesupport (4.1.0) lib/active_support/cache/strategy/local_cache_middleware.rb:26:in `call'
  rack (1.5.2) lib/rack/lock.rb:17:in `call'
  actionpack (4.1.0) lib/action_dispatch/middleware/static.rb:64:in `call'
  rack (1.5.2) lib/rack/sendfile.rb:112:in `call'
  railties (4.1.0) lib/rails/engine.rb:514:in `call'
  railties (4.1.0) lib/rails/application.rb:144:in `call'
  rack (1.5.2) lib/rack/lock.rb:17:in `call'
  rack (1.5.2) lib/rack/content_length.rb:14:in `call'
  rack (1.5.2) lib/rack/handler/webrick.rb:60:in `service'
  /Users/LeoT/.rbenv/versions/2.1.1/lib/ruby/2.1.0/webrick/httpserver.rb:138:in `service'
  /Users/LeoT/.rbenv/versions/2.1.1/lib/ruby/2.1.0/webrick/httpserver.rb:94:in `run'
  /Users/LeoT/.rbenv/versions/2.1.1/lib/ruby/2.1.0/webrick/server.rb:295:in `block in start_thread'


  Rendered /Users/LeoT/.rbenv/versions/2.1.1/lib/ruby/gems/2.1.0/gems/actionpack-4.1.0/lib/action_dispatch/middleware/templates/rescues/missing_template.html.erb within rescues/layout (1.5ms)


Started GET "/" for 127.0.0.1 at 2014-07-08 12:40:05 +0800
Processing by SiteController#index as HTML
  Rendered site/index.html.erb within layouts/application (0.3ms)
Completed 500 Internal Server Error in 15ms

ActionView::Template::Error (couldn't find file 'turbolinks'
  (in /Users/LeoT/Dropbox/github/wdi/demo/bbq-pork/app/assets/javascripts/application.js:15)):
    3: <head>
    4:   <title>BbqPork</title>
    5:   <%= stylesheet_link_tag    'application', media: 'all', 'data-turbolinks-track' => true %>
    6:   <%= javascript_include_tag 'application', 'data-turbolinks-track' => true %>
    7:   <%= csrf_meta_tags %>
    8: </head>
    9: <body>
  app/views/layouts/application.html.erb:6:in `_app_views_layouts_application_html_erb__4446780352793777889_70093640364880'


  Rendered /Users/LeoT/.rbenv/versions/2.1.1/lib/ruby/gems/2.1.0/gems/actionpack-4.1.0/lib/action_dispatch/middleware/templates/rescues/_trace.html.erb (1.3ms)
  Rendered /Users/LeoT/.rbenv/versions/2.1.1/lib/ruby/gems/2.1.0/gems/actionpack-4.1.0/lib/action_dispatch/middleware/templates/rescues/_request_and_response.html.erb (11.3ms)
  Rendered /Users/LeoT/.rbenv/versions/2.1.1/lib/ruby/gems/2.1.0/gems/actionpack-4.1.0/lib/action_dispatch/middleware/templates/rescues/template_error.html.erb within rescues/layout (23.9ms)


Started GET "/" for 127.0.0.1 at 2014-07-08 12:40:20 +0800
Processing by SiteController#index as HTML
  Rendered site/index.html.erb within layouts/application (0.1ms)
Completed 200 OK in 3ms (Views: 3.0ms | ActiveRecord: 0.0ms)


Started GET "/" for 127.0.0.1 at 2014-07-08 12:40:30 +0800
Processing by SiteController#index as HTML
  Rendered site/index.html.erb within layouts/application (0.4ms)
Completed 200 OK in 3ms (Views: 2.4ms | ActiveRecord: 0.0ms)
  [1m[36m (1.1ms)[0m  [1mCREATE TABLE "schema_migrations" ("version" varchar(255) NOT NULL) [0m
  [1m[35m (0.1ms)[0m  select sqlite_version(*)
  [1m[36m (0.9ms)[0m  [1mCREATE UNIQUE INDEX "unique_schema_migrations" ON "schema_migrations" ("version")[0m
  [1m[35mActiveRecord::SchemaMigration Load (0.1ms)[0m  SELECT "schema_migrations".* FROM "schema_migrations"
Migrating to CreateEvents (20140708044314)
  [1m[36m (0.0ms)[0m  [1mbegin transaction[0m
  [1m[35m (4.9ms)[0m  CREATE TABLE "events" ("id" INTEGER PRIMARY KEY AUTOINCREMENT NOT NULL, "name" varchar(255), "location" varchar(255), "date" datetime, "created_at" datetime, "updated_at" datetime) 
  [1m[36mSQL (0.2ms)[0m  [1mINSERT INTO "schema_migrations" ("version") VALUES (?)[0m  [["version", "20140708044314"]]
  [1m[35m (0.6ms)[0m  commit transaction
  [1m[36mActiveRecord::SchemaMigration Load (0.1ms)[0m  [1mSELECT "schema_migrations".* FROM "schema_migrations"[0m
  [1m[36m (0.1ms)[0m  [1mbegin transaction[0m
  [1m[35mSQL (0.5ms)[0m  INSERT INTO "events" ("created_at", "date", "location", "name", "updated_at") VALUES (?, ?, ?, ?, ?)  [["created_at", "2014-07-08 04:44:41.532413"], ["date", "2014-07-08 04:44:38.690245"], ["location", "Sai Kung"], ["name", "Junk"], ["updated_at", "2014-07-08 04:44:41.532413"]]
  [1m[36m (0.7ms)[0m  [1mcommit transaction[0m
  [1m[35mEvent Load (0.2ms)[0m  SELECT "events".* FROM "events"
  [1m[36m (0.1ms)[0m  [1mbegin transaction[0m
  [1m[35mSQL (0.3ms)[0m  INSERT INTO "events" ("created_at", "date", "location", "name", "updated_at") VALUES (?, ?, ?, ?, ?)  [["created_at", "2014-07-08 04:45:23.902849"], ["date", "2014-07-08 04:45:20.959110"], ["location", "Mui Wo"], ["name", "BBQ"], ["updated_at", "2014-07-08 04:45:23.902849"]]
  [1m[36m (3.5ms)[0m  [1mcommit transaction[0m
  [1m[35mEvent Load (0.2ms)[0m  SELECT "events".* FROM "events"


Started GET "/" for 127.0.0.1 at 2014-07-08 12:45:37 +0800
  [1m[36mActiveRecord::SchemaMigration Load (0.1ms)[0m  [1mSELECT "schema_migrations".* FROM "schema_migrations"[0m
Processing by SiteController#index as HTML
  Rendered site/index.html.erb within layouts/application (0.0ms)
Completed 200 OK in 2ms (Views: 2.0ms | ActiveRecord: 0.0ms)


Started GET "/" for 127.0.0.1 at 2014-07-08 12:46:57 +0800
Processing by SiteController#index as HTML
  Rendered site/index.html.erb within layouts/application (0.3ms)
Completed 200 OK in 2ms (Views: 2.2ms | ActiveRecord: 0.0ms)


Started GET "/" for 127.0.0.1 at 2014-07-08 12:47:01 +0800
Processing by SiteController#index as HTML
  Rendered site/index.html.erb within layouts/application (0.6ms)
Completed 200 OK in 3ms (Views: 3.2ms | ActiveRecord: 0.0ms)


Started GET "/?search=" for 127.0.0.1 at 2014-07-08 12:47:13 +0800
Processing by SiteController#index as HTML
  Parameters: {"search"=>""}
  Rendered site/index.html.erb within layouts/application (0.0ms)
Completed 200 OK in 2ms (Views: 2.1ms | ActiveRecord: 0.0ms)


Started GET "/?search=test" for 127.0.0.1 at 2014-07-08 12:47:16 +0800
Processing by SiteController#index as HTML
  Parameters: {"search"=>"test"}
  Rendered site/index.html.erb within layouts/application (0.0ms)
Completed 200 OK in 2ms (Views: 2.0ms | ActiveRecord: 0.0ms)


Started GET "/?search=test" for 127.0.0.1 at 2014-07-08 12:47:36 +0800
Processing by SiteController#index as HTML
  Parameters: {"search"=>"test"}
Completed 500 Internal Server Error in 0ms

ArgumentError (wrong number of arguments (1 for 0)):
  app/controllers/site_controller.rb:4:in `index'


  Rendered /Users/LeoT/.rbenv/versions/2.1.1/lib/ruby/gems/2.1.0/gems/actionpack-4.1.0/lib/action_dispatch/middleware/templates/rescues/_source.erb (0.6ms)
  Rendered /Users/LeoT/.rbenv/versions/2.1.1/lib/ruby/gems/2.1.0/gems/actionpack-4.1.0/lib/action_dispatch/middleware/templates/rescues/_trace.html.erb (1.0ms)
  Rendered /Users/LeoT/.rbenv/versions/2.1.1/lib/ruby/gems/2.1.0/gems/actionpack-4.1.0/lib/action_dispatch/middleware/templates/rescues/_request_and_response.html.erb (1.0ms)
  Rendered /Users/LeoT/.rbenv/versions/2.1.1/lib/ruby/gems/2.1.0/gems/actionpack-4.1.0/lib/action_dispatch/middleware/templates/rescues/diagnostics.erb within rescues/layout (14.6ms)


Started GET "/?search=test" for 127.0.0.1 at 2014-07-08 12:47:46 +0800
Processing by SiteController#index as HTML
  Parameters: {"search"=>"test"}
Completed 500 Internal Server Error in 0ms

ArgumentError (wrong number of arguments (1 for 0)):
  app/controllers/site_controller.rb:4:in `index'


  Rendered /Users/LeoT/.rbenv/versions/2.1.1/lib/ruby/gems/2.1.0/gems/actionpack-4.1.0/lib/action_dispatch/middleware/templates/rescues/_source.erb (0.5ms)
  Rendered /Users/LeoT/.rbenv/versions/2.1.1/lib/ruby/gems/2.1.0/gems/actionpack-4.1.0/lib/action_dispatch/middleware/templates/rescues/_trace.html.erb (0.9ms)
  Rendered /Users/LeoT/.rbenv/versions/2.1.1/lib/ruby/gems/2.1.0/gems/actionpack-4.1.0/lib/action_dispatch/middleware/templates/rescues/_request_and_response.html.erb (1.0ms)
  Rendered /Users/LeoT/.rbenv/versions/2.1.1/lib/ruby/gems/2.1.0/gems/actionpack-4.1.0/lib/action_dispatch/middleware/templates/rescues/diagnostics.erb within rescues/layout (12.7ms)


Started GET "/?search=test" for 127.0.0.1 at 2014-07-08 12:47:58 +0800
Processing by SiteController#index as HTML
  Parameters: {"search"=>"test"}
  Rendered site/index.html.erb within layouts/application (0.1ms)
Completed 200 OK in 2ms (Views: 2.2ms | ActiveRecord: 0.0ms)


Started GET "/?search=" for 127.0.0.1 at 2014-07-08 12:48:01 +0800
Processing by SiteController#index as HTML
  Parameters: {"search"=>""}
  Rendered site/index.html.erb within layouts/application (0.1ms)
Completed 200 OK in 3ms (Views: 3.1ms | ActiveRecord: 0.0ms)


Started GET "/?search=test" for 127.0.0.1 at 2014-07-08 12:48:03 +0800
Processing by SiteController#index as HTML
  Parameters: {"search"=>"test"}
  Rendered site/index.html.erb within layouts/application (0.1ms)
Completed 200 OK in 2ms (Views: 1.6ms | ActiveRecord: 0.0ms)


Started GET "/?search=test" for 127.0.0.1 at 2014-07-08 12:48:50 +0800
Processing by SiteController#index as HTML
  Parameters: {"search"=>"test"}
  Rendered site/index.html.erb within layouts/application (0.3ms)
Completed 200 OK in 2ms (Views: 2.1ms | ActiveRecord: 0.0ms)


Started GET "/?search=test" for 127.0.0.1 at 2014-07-08 12:49:13 +0800
Processing by SiteController#index as HTML
  Parameters: {"search"=>"test"}
  Rendered site/index.html.erb within layouts/application (0.3ms)
Completed 200 OK in 2ms (Views: 2.1ms | ActiveRecord: 0.0ms)


Started GET "/?search=hello" for 127.0.0.1 at 2014-07-08 12:49:17 +0800
Processing by SiteController#index as HTML
  Parameters: {"search"=>"hello"}
  Rendered site/index.html.erb within layouts/application (0.1ms)
Completed 200 OK in 2ms (Views: 2.0ms | ActiveRecord: 0.0ms)


Started GET "/?search=goodbye" for 127.0.0.1 at 2014-07-08 12:49:22 +0800
Processing by SiteController#index as HTML
  Parameters: {"search"=>"goodbye"}
  Rendered site/index.html.erb within layouts/application (0.1ms)
Completed 200 OK in 2ms (Views: 1.8ms | ActiveRecord: 0.0ms)


Started GET "/?search=goodbye" for 127.0.0.1 at 2014-07-08 12:50:56 +0800
Processing by SiteController#index as HTML
  Parameters: {"search"=>"goodbye"}
  [1m[35mEvent Load (0.2ms)[0m  SELECT "events".* FROM "events"
  Rendered site/index.html.erb within layouts/application (4.7ms)
Completed 200 OK in 8ms (Views: 6.2ms | ActiveRecord: 0.4ms)


Started GET "/?search=goodbye" for 127.0.0.1 at 2014-07-08 12:51:46 +0800
Processing by SiteController#index as HTML
  Parameters: {"search"=>"goodbye"}
  [1m[36mEvent Load (0.1ms)[0m  [1mSELECT "events".* FROM "events"[0m
  Rendered site/index.html.erb within layouts/application (1.2ms)
Completed 200 OK in 3ms (Views: 2.9ms | ActiveRecord: 0.1ms)


Started GET "/?search=goodbye" for 127.0.0.1 at 2014-07-08 12:51:50 +0800
Processing by SiteController#index as HTML
  Parameters: {"search"=>"goodbye"}
  [1m[35mEvent Load (0.1ms)[0m  SELECT "events".* FROM "events"
  Rendered site/index.html.erb within layouts/application (1.1ms)
Completed 200 OK in 3ms (Views: 2.6ms | ActiveRecord: 0.1ms)


Started GET "/?search=goodbye" for 127.0.0.1 at 2014-07-08 12:52:03 +0800
Processing by SiteController#index as HTML
  Parameters: {"search"=>"goodbye"}
  [1m[36mEvent Load (0.1ms)[0m  [1mSELECT "events".* FROM "events"[0m
  Rendered site/index.html.erb within layouts/application (1.3ms)
Completed 200 OK in 4ms (Views: 3.2ms | ActiveRecord: 0.1ms)


Started GET "/?search=goodbye" for 127.0.0.1 at 2014-07-08 12:52:16 +0800
Processing by SiteController#index as HTML
  Parameters: {"search"=>"goodbye"}
  [1m[35mEvent Load (0.2ms)[0m  SELECT "events".* FROM "events"
  Rendered site/index.html.erb within layouts/application (1.3ms)
Completed 200 OK in 4ms (Views: 3.4ms | ActiveRecord: 0.2ms)


Started GET "/?search=goodbye" for 127.0.0.1 at 2014-07-08 12:52:28 +0800
Processing by SiteController#index as HTML
  Parameters: {"search"=>"goodbye"}
  [1m[36mEvent Load (0.2ms)[0m  [1mSELECT "events".* FROM "events"[0m
  Rendered site/index.html.erb within layouts/application (1.5ms)
Completed 200 OK in 4ms (Views: 3.4ms | ActiveRecord: 0.2ms)


Started GET "/?search=goodbye" for 127.0.0.1 at 2014-07-08 12:52:29 +0800
Processing by SiteController#index as HTML
  Parameters: {"search"=>"goodbye"}
  [1m[35mEvent Load (0.1ms)[0m  SELECT "events".* FROM "events"
  Rendered site/index.html.erb within layouts/application (0.5ms)
Completed 200 OK in 2ms (Views: 2.0ms | ActiveRecord: 0.1ms)


Started GET "/?search=goodbye" for 127.0.0.1 at 2014-07-08 12:56:48 +0800
Processing by SiteController#index as HTML
  Parameters: {"search"=>"goodbye"}
  [1m[36mEvent Load (0.4ms)[0m  [1mSELECT "events".* FROM "events"[0m
  Rendered site/index.html.erb within layouts/application (3.8ms)
Completed 200 OK in 7ms (Views: 5.1ms | ActiveRecord: 0.6ms)


Started GET "/?search=goodbye" for 127.0.0.1 at 2014-07-08 12:57:00 +0800
Processing by SiteController#index as HTML
  Parameters: {"search"=>"goodbye"}
  [1m[35mEvent Load (0.3ms)[0m  SELECT "events".* FROM "events"
  Rendered site/index.html.erb within layouts/application (3.7ms)
Completed 200 OK in 7ms (Views: 5.5ms | ActiveRecord: 0.5ms)


Started GET "/?search=" for 127.0.0.1 at 2014-07-08 12:57:02 +0800
Processing by SiteController#index as HTML
  Parameters: {"search"=>""}
  [1m[36mEvent Load (0.1ms)[0m  [1mSELECT "events".* FROM "events"  WHERE (name like '%''%')[0m
  Rendered site/index.html.erb within layouts/application (0.5ms)
Completed 200 OK in 2ms (Views: 1.8ms | ActiveRecord: 0.1ms)


Started GET "/?search=Junk" for 127.0.0.1 at 2014-07-08 12:57:07 +0800
Processing by SiteController#index as HTML
  Parameters: {"search"=>"Junk"}
  [1m[35mEvent Load (0.1ms)[0m  SELECT "events".* FROM "events"
  Rendered site/index.html.erb within layouts/application (0.5ms)
Completed 200 OK in 2ms (Views: 1.9ms | ActiveRecord: 0.1ms)


Started GET "/?search=J" for 127.0.0.1 at 2014-07-08 12:57:13 +0800
Processing by SiteController#index as HTML
  Parameters: {"search"=>"J"}
  [1m[36mEvent Load (0.2ms)[0m  [1mSELECT "events".* FROM "events"[0m
  Rendered site/index.html.erb within layouts/application (0.6ms)
Completed 200 OK in 3ms (Views: 2.3ms | ActiveRecord: 0.2ms)


Started GET "/?search=J" for 127.0.0.1 at 2014-07-08 12:57:19 +0800
Processing by SiteController#index as HTML
  Parameters: {"search"=>"J"}
  [1m[35mEvent Load (0.3ms)[0m  SELECT "events".* FROM "events"
  Rendered site/index.html.erb within layouts/application (3.8ms)
Completed 200 OK in 7ms (Views: 5.1ms | ActiveRecord: 0.5ms)


Started GET "/?search=J" for 127.0.0.1 at 2014-07-08 12:57:21 +0800
Processing by SiteController#index as HTML
  Parameters: {"search"=>"J"}
  [1m[36mEvent Load (0.1ms)[0m  [1mSELECT "events".* FROM "events"[0m
  Rendered site/index.html.erb within layouts/application (0.6ms)
Completed 200 OK in 2ms (Views: 2.0ms | ActiveRecord: 0.1ms)


Started GET "/?search=Junk" for 127.0.0.1 at 2014-07-08 12:57:25 +0800
Processing by SiteController#index as HTML
  Parameters: {"search"=>"Junk"}
  [1m[35mEvent Load (0.1ms)[0m  SELECT "events".* FROM "events"
  Rendered site/index.html.erb within layouts/application (0.6ms)
Completed 200 OK in 2ms (Views: 2.1ms | ActiveRecord: 0.1ms)


Started GET "/?search=Junk" for 127.0.0.1 at 2014-07-08 12:57:49 +0800
Processing by SiteController#index as HTML
  Parameters: {"search"=>"Junk"}
  [1m[36mEvent Load (0.2ms)[0m  [1mSELECT "events".* FROM "events"  WHERE (name like ''Junk'')[0m
SQLite3::SQLException: near "Junk": syntax error: SELECT "events".* FROM "events"  WHERE (name like ''Junk'')
  Rendered site/index.html.erb within layouts/application (1.0ms)
Completed 500 Internal Server Error in 3ms

ActionView::Template::Error (SQLite3::SQLException: near "Junk": syntax error: SELECT "events".* FROM "events"  WHERE (name like ''Junk'')):
     8: <h2>Events</h2>
     9: 
    10: <ul>
    11:   <% @events.each do |event| %>
    12:     <li>
    13:       <%= event.name %>
    14:       <%= event.location %>
  app/views/site/index.html.erb:11:in `_app_views_site_index_html_erb__1598732260758296373_70093619345760'


  Rendered /Users/LeoT/.rbenv/versions/2.1.1/lib/ruby/gems/2.1.0/gems/actionpack-4.1.0/lib/action_dispatch/middleware/templates/rescues/_trace.html.erb (1.0ms)
  Rendered /Users/LeoT/.rbenv/versions/2.1.1/lib/ruby/gems/2.1.0/gems/actionpack-4.1.0/lib/action_dispatch/middleware/templates/rescues/_request_and_response.html.erb (1.1ms)
  Rendered /Users/LeoT/.rbenv/versions/2.1.1/lib/ruby/gems/2.1.0/gems/actionpack-4.1.0/lib/action_dispatch/middleware/templates/rescues/template_error.html.erb within rescues/layout (9.8ms)


Started GET "/?search=Junk" for 127.0.0.1 at 2014-07-08 12:57:58 +0800
Processing by SiteController#index as HTML
  Parameters: {"search"=>"Junk"}
  [1m[35mEvent Load (0.5ms)[0m  SELECT "events".* FROM "events"  WHERE (name like 'Junk')
  Rendered site/index.html.erb within layouts/application (4.6ms)
Completed 200 OK in 8ms (Views: 5.8ms | ActiveRecord: 0.7ms)


Started GET "/?search=Junk" for 127.0.0.1 at 2014-07-08 12:58:02 +0800
Processing by SiteController#index as HTML
  Parameters: {"search"=>"Junk"}
  [1m[36mEvent Load (0.2ms)[0m  [1mSELECT "events".* FROM "events"  WHERE (name like 'Junk')[0m
  Rendered site/index.html.erb within layouts/application (0.6ms)
Completed 200 OK in 3ms (Views: 2.4ms | ActiveRecord: 0.2ms)


Started GET "/?search=BBQ" for 127.0.0.1 at 2014-07-08 12:58:05 +0800
Processing by SiteController#index as HTML
  Parameters: {"search"=>"BBQ"}
  [1m[35mEvent Load (0.1ms)[0m  SELECT "events".* FROM "events"  WHERE (name like 'BBQ')
  Rendered site/index.html.erb within layouts/application (0.5ms)
Completed 200 OK in 2ms (Views: 2.1ms | ActiveRecord: 0.1ms)


Started GET "/?search=BB" for 127.0.0.1 at 2014-07-08 12:58:08 +0800
Processing by SiteController#index as HTML
  Parameters: {"search"=>"BB"}
  [1m[36mEvent Load (0.1ms)[0m  [1mSELECT "events".* FROM "events"  WHERE (name like 'BB')[0m
  Rendered site/index.html.erb within layouts/application (0.4ms)
Completed 200 OK in 2ms (Views: 1.8ms | ActiveRecord: 0.1ms)


Started GET "/?search=BB" for 127.0.0.1 at 2014-07-08 12:58:13 +0800
Processing by SiteController#index as HTML
  Parameters: {"search"=>"BB"}
  [1m[35mEvent Load (0.2ms)[0m  SELECT "events".* FROM "events"  WHERE (name like %'BB'%)
SQLite3::SQLException: near "%": syntax error: SELECT "events".* FROM "events"  WHERE (name like %'BB'%)
  Rendered site/index.html.erb within layouts/application (1.0ms)
Completed 500 Internal Server Error in 5ms

ActionView::Template::Error (SQLite3::SQLException: near "%": syntax error: SELECT "events".* FROM "events"  WHERE (name like %'BB'%)):
     8: <h2>Events</h2>
     9: 
    10: <ul>
    11:   <% @events.each do |event| %>
    12:     <li>
    13:       <%= event.name %>
    14:       <%= event.location %>
  app/views/site/index.html.erb:11:in `_app_views_site_index_html_erb__1598732260758296373_70093619345760'


  Rendered /Users/LeoT/.rbenv/versions/2.1.1/lib/ruby/gems/2.1.0/gems/actionpack-4.1.0/lib/action_dispatch/middleware/templates/rescues/_trace.html.erb (1.0ms)
  Rendered /Users/LeoT/.rbenv/versions/2.1.1/lib/ruby/gems/2.1.0/gems/actionpack-4.1.0/lib/action_dispatch/middleware/templates/rescues/_request_and_response.html.erb (1.1ms)
  Rendered /Users/LeoT/.rbenv/versions/2.1.1/lib/ruby/gems/2.1.0/gems/actionpack-4.1.0/lib/action_dispatch/middleware/templates/rescues/template_error.html.erb within rescues/layout (9.9ms)


Started GET "/?search=BB" for 127.0.0.1 at 2014-07-08 12:58:49 +0800
Processing by SiteController#index as HTML
  Parameters: {"search"=>"BB"}
  [1m[36mEvent Load (0.5ms)[0m  [1mSELECT "events".* FROM "events"  WHERE (name like '%BB%')[0m
  Rendered site/index.html.erb within layouts/application (4.6ms)
Completed 200 OK in 8ms (Views: 5.9ms | ActiveRecord: 0.6ms)


Started GET "/?search=BB" for 127.0.0.1 at 2014-07-08 12:58:52 +0800
Processing by SiteController#index as HTML
  Parameters: {"search"=>"BB"}
  [1m[35mEvent Load (0.2ms)[0m  SELECT "events".* FROM "events"  WHERE (name like '%BB%')
  Rendered site/index.html.erb within layouts/application (0.7ms)
Completed 200 OK in 3ms (Views: 2.8ms | ActiveRecord: 0.2ms)


Started GET "/?search=J" for 127.0.0.1 at 2014-07-08 12:58:54 +0800
Processing by SiteController#index as HTML
  Parameters: {"search"=>"J"}
  [1m[36mEvent Load (0.1ms)[0m  [1mSELECT "events".* FROM "events"  WHERE (name like '%J%')[0m
  Rendered site/index.html.erb within layouts/application (0.5ms)
Completed 200 OK in 3ms (Views: 2.2ms | ActiveRecord: 0.1ms)
  [1m[36mEvent Load (0.2ms)[0m  [1mSELECT "events".* FROM "events"  WHERE "events"."name" = 'Junk'[0m
  [1m[35mEvent Load (0.2ms)[0m  SELECT "events".* FROM "events"  WHERE "events"."name" = 'Jun'
  [1m[36mEvent Load (0.3ms)[0m  [1mSELECT "events".* FROM "events"  WHERE (name like 'Junk')[0m
  [1m[35mEvent Load (0.2ms)[0m  SELECT "events".* FROM "events"  WHERE (name like 'Jun')
  [1m[36mEvent Load (0.2ms)[0m  [1mSELECT "events".* FROM "events"  WHERE (name like 'Jun%')[0m
  [1m[35mEvent Load (0.2ms)[0m  SELECT "events".* FROM "events"  WHERE (name like 'B%')
  [1m[36mEvent Load (0.3ms)[0m  [1mSELECT "events".* FROM "events"  WHERE (name like 'Q%')[0m
  [1m[35mEvent Load (0.2ms)[0m  SELECT "events".* FROM "events"  WHERE (name like '%Q%')
  [1m[36mEvent Load (0.2ms)[0m  [1mSELECT "events".* FROM "events"  WHERE (name like '%un%')[0m


Started GET "/?search=BB" for 127.0.0.1 at 2014-07-08 13:01:37 +0800

SyntaxError (/Users/LeoT/Dropbox/github/wdi/demo/bbq-pork/app/controllers/site_controller.rb:11: syntax error, unexpected tIVAR, expecting ')'
      @events = Event.where("name like ?", '%' @query + '%')
                                                     ^
/Users/LeoT/Dropbox/github/wdi/demo/bbq-pork/app/controllers/site_controller.rb:11: syntax error, unexpected ')', expecting keyword_end):
  activesupport (4.1.0) lib/active_support/dependencies.rb:443:in `load'
  activesupport (4.1.0) lib/active_support/dependencies.rb:443:in `block in load_file'
  activesupport (4.1.0) lib/active_support/dependencies.rb:633:in `new_constants_in'
  activesupport (4.1.0) lib/active_support/dependencies.rb:442:in `load_file'
  activesupport (4.1.0) lib/active_support/dependencies.rb:342:in `require_or_load'
  activesupport (4.1.0) lib/active_support/dependencies.rb:480:in `load_missing_constant'
  activesupport (4.1.0) lib/active_support/dependencies.rb:180:in `const_missing'
  activesupport (4.1.0) lib/active_support/inflector/methods.rb:238:in `const_get'
  activesupport (4.1.0) lib/active_support/inflector/methods.rb:238:in `block in constantize'
  activesupport (4.1.0) lib/active_support/inflector/methods.rb:236:in `each'
  activesupport (4.1.0) lib/active_support/inflector/methods.rb:236:in `inject'
  activesupport (4.1.0) lib/active_support/inflector/methods.rb:236:in `constantize'
  activesupport (4.1.0) lib/active_support/dependencies.rb:552:in `get'
  activesupport (4.1.0) lib/active_support/dependencies.rb:583:in `constantize'
  actionpack (4.1.0) lib/action_dispatch/routing/route_set.rb:76:in `controller_reference'
  actionpack (4.1.0) lib/action_dispatch/routing/route_set.rb:66:in `controller'
  actionpack (4.1.0) lib/action_dispatch/routing/route_set.rb:44:in `call'
  actionpack (4.1.0) lib/action_dispatch/journey/router.rb:71:in `block in call'
  actionpack (4.1.0) lib/action_dispatch/journey/router.rb:59:in `each'
  actionpack (4.1.0) lib/action_dispatch/journey/router.rb:59:in `call'
  actionpack (4.1.0) lib/action_dispatch/routing/route_set.rb:676:in `call'
  rack (1.5.2) lib/rack/etag.rb:23:in `call'
  rack (1.5.2) lib/rack/conditionalget.rb:25:in `call'
  rack (1.5.2) lib/rack/head.rb:11:in `call'
  actionpack (4.1.0) lib/action_dispatch/middleware/params_parser.rb:27:in `call'
  actionpack (4.1.0) lib/action_dispatch/middleware/flash.rb:254:in `call'
  rack (1.5.2) lib/rack/session/abstract/id.rb:225:in `context'
  rack (1.5.2) lib/rack/session/abstract/id.rb:220:in `call'
  actionpack (4.1.0) lib/action_dispatch/middleware/cookies.rb:560:in `call'
  activerecord (4.1.0) lib/active_record/query_cache.rb:36:in `call'
  activerecord (4.1.0) lib/active_record/connection_adapters/abstract/connection_pool.rb:621:in `call'
  activerecord (4.1.0) lib/active_record/migration.rb:380:in `call'
  actionpack (4.1.0) lib/action_dispatch/middleware/callbacks.rb:29:in `block in call'
  activesupport (4.1.0) lib/active_support/callbacks.rb:82:in `run_callbacks'
  actionpack (4.1.0) lib/action_dispatch/middleware/callbacks.rb:27:in `call'
  actionpack (4.1.0) lib/action_dispatch/middleware/reloader.rb:73:in `call'
  actionpack (4.1.0) lib/action_dispatch/middleware/remote_ip.rb:76:in `call'
  actionpack (4.1.0) lib/action_dispatch/middleware/debug_exceptions.rb:17:in `call'
  actionpack (4.1.0) lib/action_dispatch/middleware/show_exceptions.rb:30:in `call'
  railties (4.1.0) lib/rails/rack/logger.rb:38:in `call_app'
  railties (4.1.0) lib/rails/rack/logger.rb:20:in `block in call'
  activesupport (4.1.0) lib/active_support/tagged_logging.rb:68:in `block in tagged'
  activesupport (4.1.0) lib/active_support/tagged_logging.rb:26:in `tagged'
  activesupport (4.1.0) lib/active_support/tagged_logging.rb:68:in `tagged'
  railties (4.1.0) lib/rails/rack/logger.rb:20:in `call'
  actionpack (4.1.0) lib/action_dispatch/middleware/request_id.rb:21:in `call'
  rack (1.5.2) lib/rack/methodoverride.rb:21:in `call'
  rack (1.5.2) lib/rack/runtime.rb:17:in `call'
  activesupport (4.1.0) lib/active_support/cache/strategy/local_cache_middleware.rb:26:in `call'
  rack (1.5.2) lib/rack/lock.rb:17:in `call'
  actionpack (4.1.0) lib/action_dispatch/middleware/static.rb:64:in `call'
  rack (1.5.2) lib/rack/sendfile.rb:112:in `call'
  railties (4.1.0) lib/rails/engine.rb:514:in `call'
  railties (4.1.0) lib/rails/application.rb:144:in `call'
  rack (1.5.2) lib/rack/lock.rb:17:in `call'
  rack (1.5.2) lib/rack/content_length.rb:14:in `call'
  rack (1.5.2) lib/rack/handler/webrick.rb:60:in `service'
  /Users/LeoT/.rbenv/versions/2.1.1/lib/ruby/2.1.0/webrick/httpserver.rb:138:in `service'
  /Users/LeoT/.rbenv/versions/2.1.1/lib/ruby/2.1.0/webrick/httpserver.rb:94:in `run'
  /Users/LeoT/.rbenv/versions/2.1.1/lib/ruby/2.1.0/webrick/server.rb:295:in `block in start_thread'


  Rendered /Users/LeoT/.rbenv/versions/2.1.1/lib/ruby/gems/2.1.0/gems/actionpack-4.1.0/lib/action_dispatch/middleware/templates/rescues/_source.erb (0.5ms)
  Rendered /Users/LeoT/.rbenv/versions/2.1.1/lib/ruby/gems/2.1.0/gems/actionpack-4.1.0/lib/action_dispatch/middleware/templates/rescues/_trace.html.erb (0.9ms)
  Rendered /Users/LeoT/.rbenv/versions/2.1.1/lib/ruby/gems/2.1.0/gems/actionpack-4.1.0/lib/action_dispatch/middleware/templates/rescues/_request_and_response.html.erb (2.1ms)
  Rendered /Users/LeoT/.rbenv/versions/2.1.1/lib/ruby/gems/2.1.0/gems/actionpack-4.1.0/lib/action_dispatch/middleware/templates/rescues/diagnostics.erb within rescues/layout (14.8ms)


Started GET "/?search=BB" for 127.0.0.1 at 2014-07-08 13:01:45 +0800
Processing by SiteController#index as HTML
  Parameters: {"search"=>"BB"}
  [1m[35mEvent Load (0.3ms)[0m  SELECT "events".* FROM "events"  WHERE (name like '%BB%')
  Rendered site/index.html.erb within layouts/application (3.6ms)
Completed 200 OK in 10ms (Views: 5.6ms | ActiveRecord: 0.4ms)


Started GET "/?search=BB" for 127.0.0.1 at 2014-07-08 13:01:48 +0800
Processing by SiteController#index as HTML
  Parameters: {"search"=>"BB"}
  [1m[36mEvent Load (0.2ms)[0m  [1mSELECT "events".* FROM "events"  WHERE (name like '%BB%')[0m
  Rendered site/index.html.erb within layouts/application (0.8ms)
Completed 200 OK in 4ms (Views: 3.1ms | ActiveRecord: 0.2ms)


Started GET "/?search=BB" for 127.0.0.1 at 2014-07-08 13:01:54 +0800
Processing by SiteController#index as HTML
  Parameters: {"search"=>"BB"}
  [1m[35mEvent Load (0.1ms)[0m  SELECT "events".* FROM "events"  WHERE (name like '%BB%')
  Rendered site/index.html.erb within layouts/application (1.2ms)
Completed 200 OK in 4ms (Views: 3.5ms | ActiveRecord: 0.1ms)


Started GET "/?search=" for 127.0.0.1 at 2014-07-08 13:01:57 +0800
Processing by SiteController#index as HTML
  Parameters: {"search"=>""}
  [1m[36mEvent Load (0.2ms)[0m  [1mSELECT "events".* FROM "events"[0m
  Rendered site/index.html.erb within layouts/application (0.8ms)
Completed 200 OK in 4ms (Views: 3.5ms | ActiveRecord: 0.2ms)


Started GET "/?search=Junk" for 127.0.0.1 at 2014-07-08 13:02:33 +0800
Processing by SiteController#index as HTML
  Parameters: {"search"=>"Junk"}
  [1m[35mEvent Load (0.2ms)[0m  SELECT "events".* FROM "events"  WHERE (name like '%Junk%')
  Rendered site/index.html.erb within layouts/application (0.6ms)
Completed 200 OK in 3ms (Views: 2.3ms | ActiveRecord: 0.2ms)


Started GET "/new" for 127.0.0.1 at 2014-07-08 13:03:17 +0800

ActionController::RoutingError (No route matches [GET] "/new"):
  actionpack (4.1.0) lib/action_dispatch/middleware/debug_exceptions.rb:21:in `call'
  actionpack (4.1.0) lib/action_dispatch/middleware/show_exceptions.rb:30:in `call'
  railties (4.1.0) lib/rails/rack/logger.rb:38:in `call_app'
  railties (4.1.0) lib/rails/rack/logger.rb:20:in `block in call'
  activesupport (4.1.0) lib/active_support/tagged_logging.rb:68:in `block in tagged'
  activesupport (4.1.0) lib/active_support/tagged_logging.rb:26:in `tagged'
  activesupport (4.1.0) lib/active_support/tagged_logging.rb:68:in `tagged'
  railties (4.1.0) lib/rails/rack/logger.rb:20:in `call'
  actionpack (4.1.0) lib/action_dispatch/middleware/request_id.rb:21:in `call'
  rack (1.5.2) lib/rack/methodoverride.rb:21:in `call'
  rack (1.5.2) lib/rack/runtime.rb:17:in `call'
  activesupport (4.1.0) lib/active_support/cache/strategy/local_cache_middleware.rb:26:in `call'
  rack (1.5.2) lib/rack/lock.rb:17:in `call'
  actionpack (4.1.0) lib/action_dispatch/middleware/static.rb:64:in `call'
  rack (1.5.2) lib/rack/sendfile.rb:112:in `call'
  railties (4.1.0) lib/rails/engine.rb:514:in `call'
  railties (4.1.0) lib/rails/application.rb:144:in `call'
  rack (1.5.2) lib/rack/lock.rb:17:in `call'
  rack (1.5.2) lib/rack/content_length.rb:14:in `call'
  rack (1.5.2) lib/rack/handler/webrick.rb:60:in `service'
  /Users/LeoT/.rbenv/versions/2.1.1/lib/ruby/2.1.0/webrick/httpserver.rb:138:in `service'
  /Users/LeoT/.rbenv/versions/2.1.1/lib/ruby/2.1.0/webrick/httpserver.rb:94:in `run'
  /Users/LeoT/.rbenv/versions/2.1.1/lib/ruby/2.1.0/webrick/server.rb:295:in `block in start_thread'


  Rendered /Users/LeoT/.rbenv/versions/2.1.1/lib/ruby/gems/2.1.0/gems/actionpack-4.1.0/lib/action_dispatch/middleware/templates/rescues/_trace.html.erb (0.8ms)
  Rendered /Users/LeoT/.rbenv/versions/2.1.1/lib/ruby/gems/2.1.0/gems/actionpack-4.1.0/lib/action_dispatch/middleware/templates/routes/_route.html.erb (0.7ms)
  Rendered /Users/LeoT/.rbenv/versions/2.1.1/lib/ruby/gems/2.1.0/gems/actionpack-4.1.0/lib/action_dispatch/middleware/templates/routes/_table.html.erb (6.6ms)
  Rendered /Users/LeoT/.rbenv/versions/2.1.1/lib/ruby/gems/2.1.0/gems/actionpack-4.1.0/lib/action_dispatch/middleware/templates/rescues/routing_error.html.erb within rescues/layout (24.3ms)


Started GET "/new" for 127.0.0.1 at 2014-07-08 13:03:48 +0800
Processing by SiteController#new as HTML
Completed 500 Internal Server Error in 2ms

ActionView::MissingTemplate (Missing template site/new, application/new with {:locale=>[:en], :formats=>[:html], :variants=>[], :handlers=>[:erb, :builder, :raw, :ruby, :jbuilder, :coffee]}. Searched in:
  * "/Users/LeoT/Dropbox/github/wdi/demo/bbq-pork/app/views"
):
  actionview (4.1.0) lib/action_view/path_set.rb:46:in `find'
  actionview (4.1.0) lib/action_view/lookup_context.rb:124:in `find'
  actionview (4.1.0) lib/action_view/renderer/abstract_renderer.rb:18:in `find_template'
  actionview (4.1.0) lib/action_view/renderer/template_renderer.rb:41:in `determine_template'
  actionview (4.1.0) lib/action_view/renderer/template_renderer.rb:8:in `render'
  actionview (4.1.0) lib/action_view/renderer/renderer.rb:42:in `render_template'
  actionview (4.1.0) lib/action_view/renderer/renderer.rb:23:in `render'
  actionview (4.1.0) lib/action_view/rendering.rb:99:in `_render_template'
  actionpack (4.1.0) lib/action_controller/metal/streaming.rb:217:in `_render_template'
  actionview (4.1.0) lib/action_view/rendering.rb:82:in `render_to_body'
  actionpack (4.1.0) lib/action_controller/metal/rendering.rb:32:in `render_to_body'
  actionpack (4.1.0) lib/action_controller/metal/renderers.rb:32:in `render_to_body'
  actionpack (4.1.0) lib/abstract_controller/rendering.rb:25:in `render'
  actionpack (4.1.0) lib/action_controller/metal/rendering.rb:16:in `render'
  actionpack (4.1.0) lib/action_controller/metal/instrumentation.rb:41:in `block (2 levels) in render'
  activesupport (4.1.0) lib/active_support/core_ext/benchmark.rb:12:in `block in ms'
  /Users/LeoT/.rbenv/versions/2.1.1/lib/ruby/2.1.0/benchmark.rb:294:in `realtime'
  activesupport (4.1.0) lib/active_support/core_ext/benchmark.rb:12:in `ms'
  actionpack (4.1.0) lib/action_controller/metal/instrumentation.rb:41:in `block in render'
  actionpack (4.1.0) lib/action_controller/metal/instrumentation.rb:84:in `cleanup_view_runtime'
  activerecord (4.1.0) lib/active_record/railties/controller_runtime.rb:25:in `cleanup_view_runtime'
  actionpack (4.1.0) lib/action_controller/metal/instrumentation.rb:40:in `render'
  actionpack (4.1.0) lib/action_controller/metal/implicit_render.rb:10:in `default_render'
  actionpack (4.1.0) lib/action_controller/metal/implicit_render.rb:5:in `send_action'
  actionpack (4.1.0) lib/abstract_controller/base.rb:189:in `process_action'
  actionpack (4.1.0) lib/action_controller/metal/rendering.rb:10:in `process_action'
  actionpack (4.1.0) lib/abstract_controller/callbacks.rb:20:in `block in process_action'
  activesupport (4.1.0) lib/active_support/callbacks.rb:113:in `call'
  activesupport (4.1.0) lib/active_support/callbacks.rb:113:in `call'
  activesupport (4.1.0) lib/active_support/callbacks.rb:229:in `block in halting'
  activesupport (4.1.0) lib/active_support/callbacks.rb:166:in `call'
  activesupport (4.1.0) lib/active_support/callbacks.rb:166:in `block in halting'
  activesupport (4.1.0) lib/active_support/callbacks.rb:86:in `call'
  activesupport (4.1.0) lib/active_support/callbacks.rb:86:in `run_callbacks'
  actionpack (4.1.0) lib/abstract_controller/callbacks.rb:19:in `process_action'
  actionpack (4.1.0) lib/action_controller/metal/rescue.rb:29:in `process_action'
  actionpack (4.1.0) lib/action_controller/metal/instrumentation.rb:31:in `block in process_action'
  activesupport (4.1.0) lib/active_support/notifications.rb:159:in `block in instrument'
  activesupport (4.1.0) lib/active_support/notifications/instrumenter.rb:20:in `instrument'
  activesupport (4.1.0) lib/active_support/notifications.rb:159:in `instrument'
  actionpack (4.1.0) lib/action_controller/metal/instrumentation.rb:30:in `process_action'
  actionpack (4.1.0) lib/action_controller/metal/params_wrapper.rb:250:in `process_action'
  activerecord (4.1.0) lib/active_record/railties/controller_runtime.rb:18:in `process_action'
  actionpack (4.1.0) lib/abstract_controller/base.rb:136:in `process'
  actionview (4.1.0) lib/action_view/rendering.rb:30:in `process'
  actionpack (4.1.0) lib/action_controller/metal.rb:195:in `dispatch'
  actionpack (4.1.0) lib/action_controller/metal/rack_delegation.rb:13:in `dispatch'
  actionpack (4.1.0) lib/action_controller/metal.rb:231:in `block in action'
  actionpack (4.1.0) lib/action_dispatch/routing/route_set.rb:80:in `call'
  actionpack (4.1.0) lib/action_dispatch/routing/route_set.rb:80:in `dispatch'
  actionpack (4.1.0) lib/action_dispatch/routing/route_set.rb:48:in `call'
  actionpack (4.1.0) lib/action_dispatch/journey/router.rb:71:in `block in call'
  actionpack (4.1.0) lib/action_dispatch/journey/router.rb:59:in `each'
  actionpack (4.1.0) lib/action_dispatch/journey/router.rb:59:in `call'
  actionpack (4.1.0) lib/action_dispatch/routing/route_set.rb:676:in `call'
  rack (1.5.2) lib/rack/etag.rb:23:in `call'
  rack (1.5.2) lib/rack/conditionalget.rb:25:in `call'
  rack (1.5.2) lib/rack/head.rb:11:in `call'
  actionpack (4.1.0) lib/action_dispatch/middleware/params_parser.rb:27:in `call'
  actionpack (4.1.0) lib/action_dispatch/middleware/flash.rb:254:in `call'
  rack (1.5.2) lib/rack/session/abstract/id.rb:225:in `context'
  rack (1.5.2) lib/rack/session/abstract/id.rb:220:in `call'
  actionpack (4.1.0) lib/action_dispatch/middleware/cookies.rb:560:in `call'
  activerecord (4.1.0) lib/active_record/query_cache.rb:36:in `call'
  activerecord (4.1.0) lib/active_record/connection_adapters/abstract/connection_pool.rb:621:in `call'
  activerecord (4.1.0) lib/active_record/migration.rb:380:in `call'
  actionpack (4.1.0) lib/action_dispatch/middleware/callbacks.rb:29:in `block in call'
  activesupport (4.1.0) lib/active_support/callbacks.rb:82:in `run_callbacks'
  actionpack (4.1.0) lib/action_dispatch/middleware/callbacks.rb:27:in `call'
  actionpack (4.1.0) lib/action_dispatch/middleware/reloader.rb:73:in `call'
  actionpack (4.1.0) lib/action_dispatch/middleware/remote_ip.rb:76:in `call'
  actionpack (4.1.0) lib/action_dispatch/middleware/debug_exceptions.rb:17:in `call'
  actionpack (4.1.0) lib/action_dispatch/middleware/show_exceptions.rb:30:in `call'
  railties (4.1.0) lib/rails/rack/logger.rb:38:in `call_app'
  railties (4.1.0) lib/rails/rack/logger.rb:20:in `block in call'
  activesupport (4.1.0) lib/active_support/tagged_logging.rb:68:in `block in tagged'
  activesupport (4.1.0) lib/active_support/tagged_logging.rb:26:in `tagged'
  activesupport (4.1.0) lib/active_support/tagged_logging.rb:68:in `tagged'
  railties (4.1.0) lib/rails/rack/logger.rb:20:in `call'
  actionpack (4.1.0) lib/action_dispatch/middleware/request_id.rb:21:in `call'
  rack (1.5.2) lib/rack/methodoverride.rb:21:in `call'
  rack (1.5.2) lib/rack/runtime.rb:17:in `call'
  activesupport (4.1.0) lib/active_support/cache/strategy/local_cache_middleware.rb:26:in `call'
  rack (1.5.2) lib/rack/lock.rb:17:in `call'
  actionpack (4.1.0) lib/action_dispatch/middleware/static.rb:64:in `call'
  rack (1.5.2) lib/rack/sendfile.rb:112:in `call'
  railties (4.1.0) lib/rails/engine.rb:514:in `call'
  railties (4.1.0) lib/rails/application.rb:144:in `call'
  rack (1.5.2) lib/rack/lock.rb:17:in `call'
  rack (1.5.2) lib/rack/content_length.rb:14:in `call'
  rack (1.5.2) lib/rack/handler/webrick.rb:60:in `service'
  /Users/LeoT/.rbenv/versions/2.1.1/lib/ruby/2.1.0/webrick/httpserver.rb:138:in `service'
  /Users/LeoT/.rbenv/versions/2.1.1/lib/ruby/2.1.0/webrick/httpserver.rb:94:in `run'
  /Users/LeoT/.rbenv/versions/2.1.1/lib/ruby/2.1.0/webrick/server.rb:295:in `block in start_thread'


  Rendered /Users/LeoT/.rbenv/versions/2.1.1/lib/ruby/gems/2.1.0/gems/actionpack-4.1.0/lib/action_dispatch/middleware/templates/rescues/missing_template.html.erb within rescues/layout (0.4ms)


Started GET "/new" for 127.0.0.1 at 2014-07-08 13:04:03 +0800
Processing by SiteController#new as HTML
  Rendered site/new.html.erb within layouts/application (0.4ms)
Completed 200 OK in 3ms (Views: 2.9ms | ActiveRecord: 0.0ms)


Started GET "/new" for 127.0.0.1 at 2014-07-08 13:04:11 +0800
Processing by SiteController#new as HTML
  Rendered site/new.html.erb within layouts/application (0.4ms)
Completed 200 OK in 2ms (Views: 2.3ms | ActiveRecord: 0.0ms)


Started GET "/new" for 127.0.0.1 at 2014-07-08 13:04:59 +0800
Processing by SiteController#new as HTML
  Rendered site/new.html.erb within layouts/application (0.3ms)
Completed 200 OK in 2ms (Views: 1.9ms | ActiveRecord: 0.0ms)


Started GET "/new" for 127.0.0.1 at 2014-07-08 13:05:07 +0800
Processing by SiteController#new as HTML
  Rendered site/new.html.erb within layouts/application (0.3ms)
Completed 200 OK in 3ms (Views: 2.5ms | ActiveRecord: 0.0ms)


Started GET "/new" for 127.0.0.1 at 2014-07-08 13:05:38 +0800
Processing by SiteController#new as HTML
  Rendered site/new.html.erb within layouts/application (0.3ms)
Completed 200 OK in 2ms (Views: 2.1ms | ActiveRecord: 0.0ms)


Started GET "/new" for 127.0.0.1 at 2014-07-08 13:05:53 +0800
Processing by SiteController#new as HTML
  Rendered site/new.html.erb within layouts/application (0.3ms)
Completed 200 OK in 2ms (Views: 1.9ms | ActiveRecord: 0.0ms)


Started GET "/new" for 127.0.0.1 at 2014-07-08 13:05:54 +0800
Processing by SiteController#new as HTML
  Rendered site/new.html.erb within layouts/application (0.0ms)
Completed 200 OK in 2ms (Views: 2.1ms | ActiveRecord: 0.0ms)


Started GET "/new" for 127.0.0.1 at 2014-07-08 13:06:00 +0800
Processing by SiteController#new as HTML
  Rendered site/new.html.erb within layouts/application (0.3ms)
Completed 200 OK in 2ms (Views: 1.9ms | ActiveRecord: 0.0ms)


Started GET "/new" for 127.0.0.1 at 2014-07-08 13:06:15 +0800
Processing by SiteController#new as HTML
  Rendered site/new.html.erb within layouts/application (0.3ms)
Completed 200 OK in 2ms (Views: 2.1ms | ActiveRecord: 0.0ms)


Started GET "/new" for 127.0.0.1 at 2014-07-08 13:06:21 +0800
Processing by SiteController#new as HTML
  Rendered site/new.html.erb within layouts/application (0.4ms)
Completed 200 OK in 3ms (Views: 2.9ms | ActiveRecord: 0.0ms)


Started POST "/create" for 127.0.0.1 at 2014-07-08 13:06:33 +0800

ActionController::RoutingError (No route matches [POST] "/create"):
  actionpack (4.1.0) lib/action_dispatch/middleware/debug_exceptions.rb:21:in `call'
  actionpack (4.1.0) lib/action_dispatch/middleware/show_exceptions.rb:30:in `call'
  railties (4.1.0) lib/rails/rack/logger.rb:38:in `call_app'
  railties (4.1.0) lib/rails/rack/logger.rb:20:in `block in call'
  activesupport (4.1.0) lib/active_support/tagged_logging.rb:68:in `block in tagged'
  activesupport (4.1.0) lib/active_support/tagged_logging.rb:26:in `tagged'
  activesupport (4.1.0) lib/active_support/tagged_logging.rb:68:in `tagged'
  railties (4.1.0) lib/rails/rack/logger.rb:20:in `call'
  actionpack (4.1.0) lib/action_dispatch/middleware/request_id.rb:21:in `call'
  rack (1.5.2) lib/rack/methodoverride.rb:21:in `call'
  rack (1.5.2) lib/rack/runtime.rb:17:in `call'
  activesupport (4.1.0) lib/active_support/cache/strategy/local_cache_middleware.rb:26:in `call'
  rack (1.5.2) lib/rack/lock.rb:17:in `call'
  actionpack (4.1.0) lib/action_dispatch/middleware/static.rb:64:in `call'
  rack (1.5.2) lib/rack/sendfile.rb:112:in `call'
  railties (4.1.0) lib/rails/engine.rb:514:in `call'
  railties (4.1.0) lib/rails/application.rb:144:in `call'
  rack (1.5.2) lib/rack/lock.rb:17:in `call'
  rack (1.5.2) lib/rack/content_length.rb:14:in `call'
  rack (1.5.2) lib/rack/handler/webrick.rb:60:in `service'
  /Users/LeoT/.rbenv/versions/2.1.1/lib/ruby/2.1.0/webrick/httpserver.rb:138:in `service'
  /Users/LeoT/.rbenv/versions/2.1.1/lib/ruby/2.1.0/webrick/httpserver.rb:94:in `run'
  /Users/LeoT/.rbenv/versions/2.1.1/lib/ruby/2.1.0/webrick/server.rb:295:in `block in start_thread'


  Rendered /Users/LeoT/.rbenv/versions/2.1.1/lib/ruby/gems/2.1.0/gems/actionpack-4.1.0/lib/action_dispatch/middleware/templates/rescues/_trace.html.erb (2.0ms)
  Rendered /Users/LeoT/.rbenv/versions/2.1.1/lib/ruby/gems/2.1.0/gems/actionpack-4.1.0/lib/action_dispatch/middleware/templates/routes/_route.html.erb (0.9ms)
  Rendered /Users/LeoT/.rbenv/versions/2.1.1/lib/ruby/gems/2.1.0/gems/actionpack-4.1.0/lib/action_dispatch/middleware/templates/routes/_table.html.erb (0.9ms)
  Rendered /Users/LeoT/.rbenv/versions/2.1.1/lib/ruby/gems/2.1.0/gems/actionpack-4.1.0/lib/action_dispatch/middleware/templates/rescues/routing_error.html.erb within rescues/layout (15.0ms)


Started POST "/create" for 127.0.0.1 at 2014-07-08 13:06:54 +0800
Processing by SiteController#create as HTML
  Parameters: {"name"=>"test", "location"=>"test", "date"=>""}
Can't verify CSRF token authenticity
Completed 422 Unprocessable Entity in 1ms

ActionController::InvalidAuthenticityToken (ActionController::InvalidAuthenticityToken):
  actionpack (4.1.0) lib/action_controller/metal/request_forgery_protection.rb:176:in `handle_unverified_request'
  actionpack (4.1.0) lib/action_controller/metal/request_forgery_protection.rb:202:in `handle_unverified_request'
  actionpack (4.1.0) lib/action_controller/metal/request_forgery_protection.rb:197:in `verify_authenticity_token'
  activesupport (4.1.0) lib/active_support/callbacks.rb:424:in `block in make_lambda'
  activesupport (4.1.0) lib/active_support/callbacks.rb:160:in `call'
  activesupport (4.1.0) lib/active_support/callbacks.rb:160:in `block in halting'
  activesupport (4.1.0) lib/active_support/callbacks.rb:86:in `call'
  activesupport (4.1.0) lib/active_support/callbacks.rb:86:in `run_callbacks'
  actionpack (4.1.0) lib/abstract_controller/callbacks.rb:19:in `process_action'
  actionpack (4.1.0) lib/action_controller/metal/rescue.rb:29:in `process_action'
  actionpack (4.1.0) lib/action_controller/metal/instrumentation.rb:31:in `block in process_action'
  activesupport (4.1.0) lib/active_support/notifications.rb:159:in `block in instrument'
  activesupport (4.1.0) lib/active_support/notifications/instrumenter.rb:20:in `instrument'
  activesupport (4.1.0) lib/active_support/notifications.rb:159:in `instrument'
  actionpack (4.1.0) lib/action_controller/metal/instrumentation.rb:30:in `process_action'
  actionpack (4.1.0) lib/action_controller/metal/params_wrapper.rb:250:in `process_action'
  activerecord (4.1.0) lib/active_record/railties/controller_runtime.rb:18:in `process_action'
  actionpack (4.1.0) lib/abstract_controller/base.rb:136:in `process'
  actionview (4.1.0) lib/action_view/rendering.rb:30:in `process'
  actionpack (4.1.0) lib/action_controller/metal.rb:195:in `dispatch'
  actionpack (4.1.0) lib/action_controller/metal/rack_delegation.rb:13:in `dispatch'
  actionpack (4.1.0) lib/action_controller/metal.rb:231:in `block in action'
  actionpack (4.1.0) lib/action_dispatch/routing/route_set.rb:80:in `call'
  actionpack (4.1.0) lib/action_dispatch/routing/route_set.rb:80:in `dispatch'
  actionpack (4.1.0) lib/action_dispatch/routing/route_set.rb:48:in `call'
  actionpack (4.1.0) lib/action_dispatch/journey/router.rb:71:in `block in call'
  actionpack (4.1.0) lib/action_dispatch/journey/router.rb:59:in `each'
  actionpack (4.1.0) lib/action_dispatch/journey/router.rb:59:in `call'
  actionpack (4.1.0) lib/action_dispatch/routing/route_set.rb:676:in `call'
  rack (1.5.2) lib/rack/etag.rb:23:in `call'
  rack (1.5.2) lib/rack/conditionalget.rb:35:in `call'
  rack (1.5.2) lib/rack/head.rb:11:in `call'
  actionpack (4.1.0) lib/action_dispatch/middleware/params_parser.rb:27:in `call'
  actionpack (4.1.0) lib/action_dispatch/middleware/flash.rb:254:in `call'
  rack (1.5.2) lib/rack/session/abstract/id.rb:225:in `context'
  rack (1.5.2) lib/rack/session/abstract/id.rb:220:in `call'
  actionpack (4.1.0) lib/action_dispatch/middleware/cookies.rb:560:in `call'
  activerecord (4.1.0) lib/active_record/query_cache.rb:36:in `call'
  activerecord (4.1.0) lib/active_record/connection_adapters/abstract/connection_pool.rb:621:in `call'
  activerecord (4.1.0) lib/active_record/migration.rb:380:in `call'
  actionpack (4.1.0) lib/action_dispatch/middleware/callbacks.rb:29:in `block in call'
  activesupport (4.1.0) lib/active_support/callbacks.rb:82:in `run_callbacks'
  actionpack (4.1.0) lib/action_dispatch/middleware/callbacks.rb:27:in `call'
  actionpack (4.1.0) lib/action_dispatch/middleware/reloader.rb:73:in `call'
  actionpack (4.1.0) lib/action_dispatch/middleware/remote_ip.rb:76:in `call'
  actionpack (4.1.0) lib/action_dispatch/middleware/debug_exceptions.rb:17:in `call'
  actionpack (4.1.0) lib/action_dispatch/middleware/show_exceptions.rb:30:in `call'
  railties (4.1.0) lib/rails/rack/logger.rb:38:in `call_app'
  railties (4.1.0) lib/rails/rack/logger.rb:20:in `block in call'
  activesupport (4.1.0) lib/active_support/tagged_logging.rb:68:in `block in tagged'
  activesupport (4.1.0) lib/active_support/tagged_logging.rb:26:in `tagged'
  activesupport (4.1.0) lib/active_support/tagged_logging.rb:68:in `tagged'
  railties (4.1.0) lib/rails/rack/logger.rb:20:in `call'
  actionpack (4.1.0) lib/action_dispatch/middleware/request_id.rb:21:in `call'
  rack (1.5.2) lib/rack/methodoverride.rb:21:in `call'
  rack (1.5.2) lib/rack/runtime.rb:17:in `call'
  activesupport (4.1.0) lib/active_support/cache/strategy/local_cache_middleware.rb:26:in `call'
  rack (1.5.2) lib/rack/lock.rb:17:in `call'
  actionpack (4.1.0) lib/action_dispatch/middleware/static.rb:64:in `call'
  rack (1.5.2) lib/rack/sendfile.rb:112:in `call'
  railties (4.1.0) lib/rails/engine.rb:514:in `call'
  railties (4.1.0) lib/rails/application.rb:144:in `call'
  rack (1.5.2) lib/rack/lock.rb:17:in `call'
  rack (1.5.2) lib/rack/content_length.rb:14:in `call'
  rack (1.5.2) lib/rack/handler/webrick.rb:60:in `service'
  /Users/LeoT/.rbenv/versions/2.1.1/lib/ruby/2.1.0/webrick/httpserver.rb:138:in `service'
  /Users/LeoT/.rbenv/versions/2.1.1/lib/ruby/2.1.0/webrick/httpserver.rb:94:in `run'
  /Users/LeoT/.rbenv/versions/2.1.1/lib/ruby/2.1.0/webrick/server.rb:295:in `block in start_thread'


  Rendered /Users/LeoT/.rbenv/versions/2.1.1/lib/ruby/gems/2.1.0/gems/actionpack-4.1.0/lib/action_dispatch/middleware/templates/rescues/_source.erb (0.4ms)
  Rendered /Users/LeoT/.rbenv/versions/2.1.1/lib/ruby/gems/2.1.0/gems/actionpack-4.1.0/lib/action_dispatch/middleware/templates/rescues/_trace.html.erb (0.9ms)
  Rendered /Users/LeoT/.rbenv/versions/2.1.1/lib/ruby/gems/2.1.0/gems/actionpack-4.1.0/lib/action_dispatch/middleware/templates/rescues/_request_and_response.html.erb (1.1ms)
  Rendered /Users/LeoT/.rbenv/versions/2.1.1/lib/ruby/gems/2.1.0/gems/actionpack-4.1.0/lib/action_dispatch/middleware/templates/rescues/diagnostics.erb within rescues/layout (12.8ms)


Started POST "/create" for 127.0.0.1 at 2014-07-08 13:07:11 +0800
Processing by SiteController#create as HTML
  Parameters: {"name"=>"test", "location"=>"test", "date"=>""}
Can't verify CSRF token authenticity
Completed 500 Internal Server Error in 2ms

ActionView::MissingTemplate (Missing template site/create, application/create with {:locale=>[:en], :formats=>[:html], :variants=>[], :handlers=>[:erb, :builder, :raw, :ruby, :jbuilder, :coffee]}. Searched in:
  * "/Users/LeoT/Dropbox/github/wdi/demo/bbq-pork/app/views"
):
  actionview (4.1.0) lib/action_view/path_set.rb:46:in `find'
  actionview (4.1.0) lib/action_view/lookup_context.rb:124:in `find'
  actionview (4.1.0) lib/action_view/renderer/abstract_renderer.rb:18:in `find_template'
  actionview (4.1.0) lib/action_view/renderer/template_renderer.rb:41:in `determine_template'
  actionview (4.1.0) lib/action_view/renderer/template_renderer.rb:8:in `render'
  actionview (4.1.0) lib/action_view/renderer/renderer.rb:42:in `render_template'
  actionview (4.1.0) lib/action_view/renderer/renderer.rb:23:in `render'
  actionview (4.1.0) lib/action_view/rendering.rb:99:in `_render_template'
  actionpack (4.1.0) lib/action_controller/metal/streaming.rb:217:in `_render_template'
  actionview (4.1.0) lib/action_view/rendering.rb:82:in `render_to_body'
  actionpack (4.1.0) lib/action_controller/metal/rendering.rb:32:in `render_to_body'
  actionpack (4.1.0) lib/action_controller/metal/renderers.rb:32:in `render_to_body'
  actionpack (4.1.0) lib/abstract_controller/rendering.rb:25:in `render'
  actionpack (4.1.0) lib/action_controller/metal/rendering.rb:16:in `render'
  actionpack (4.1.0) lib/action_controller/metal/instrumentation.rb:41:in `block (2 levels) in render'
  activesupport (4.1.0) lib/active_support/core_ext/benchmark.rb:12:in `block in ms'
  /Users/LeoT/.rbenv/versions/2.1.1/lib/ruby/2.1.0/benchmark.rb:294:in `realtime'
  activesupport (4.1.0) lib/active_support/core_ext/benchmark.rb:12:in `ms'
  actionpack (4.1.0) lib/action_controller/metal/instrumentation.rb:41:in `block in render'
  actionpack (4.1.0) lib/action_controller/metal/instrumentation.rb:84:in `cleanup_view_runtime'
  activerecord (4.1.0) lib/active_record/railties/controller_runtime.rb:25:in `cleanup_view_runtime'
  actionpack (4.1.0) lib/action_controller/metal/instrumentation.rb:40:in `render'
  actionpack (4.1.0) lib/action_controller/metal/implicit_render.rb:10:in `default_render'
  actionpack (4.1.0) lib/action_controller/metal/implicit_render.rb:5:in `send_action'
  actionpack (4.1.0) lib/abstract_controller/base.rb:189:in `process_action'
  actionpack (4.1.0) lib/action_controller/metal/rendering.rb:10:in `process_action'
  actionpack (4.1.0) lib/abstract_controller/callbacks.rb:20:in `block in process_action'
  activesupport (4.1.0) lib/active_support/callbacks.rb:113:in `call'
  activesupport (4.1.0) lib/active_support/callbacks.rb:113:in `call'
  activesupport (4.1.0) lib/active_support/callbacks.rb:229:in `block in halting'
  activesupport (4.1.0) lib/active_support/callbacks.rb:166:in `call'
  activesupport (4.1.0) lib/active_support/callbacks.rb:166:in `block in halting'
  activesupport (4.1.0) lib/active_support/callbacks.rb:86:in `call'
  activesupport (4.1.0) lib/active_support/callbacks.rb:86:in `run_callbacks'
  actionpack (4.1.0) lib/abstract_controller/callbacks.rb:19:in `process_action'
  actionpack (4.1.0) lib/action_controller/metal/rescue.rb:29:in `process_action'
  actionpack (4.1.0) lib/action_controller/metal/instrumentation.rb:31:in `block in process_action'
  activesupport (4.1.0) lib/active_support/notifications.rb:159:in `block in instrument'
  activesupport (4.1.0) lib/active_support/notifications/instrumenter.rb:20:in `instrument'
  activesupport (4.1.0) lib/active_support/notifications.rb:159:in `instrument'
  actionpack (4.1.0) lib/action_controller/metal/instrumentation.rb:30:in `process_action'
  actionpack (4.1.0) lib/action_controller/metal/params_wrapper.rb:250:in `process_action'
  activerecord (4.1.0) lib/active_record/railties/controller_runtime.rb:18:in `process_action'
  actionpack (4.1.0) lib/abstract_controller/base.rb:136:in `process'
  actionview (4.1.0) lib/action_view/rendering.rb:30:in `process'
  actionpack (4.1.0) lib/action_controller/metal.rb:195:in `dispatch'
  actionpack (4.1.0) lib/action_controller/metal/rack_delegation.rb:13:in `dispatch'
  actionpack (4.1.0) lib/action_controller/metal.rb:231:in `block in action'
  actionpack (4.1.0) lib/action_dispatch/routing/route_set.rb:80:in `call'
  actionpack (4.1.0) lib/action_dispatch/routing/route_set.rb:80:in `dispatch'
  actionpack (4.1.0) lib/action_dispatch/routing/route_set.rb:48:in `call'
  actionpack (4.1.0) lib/action_dispatch/journey/router.rb:71:in `block in call'
  actionpack (4.1.0) lib/action_dispatch/journey/router.rb:59:in `each'
  actionpack (4.1.0) lib/action_dispatch/journey/router.rb:59:in `call'
  actionpack (4.1.0) lib/action_dispatch/routing/route_set.rb:676:in `call'
  rack (1.5.2) lib/rack/etag.rb:23:in `call'
  rack (1.5.2) lib/rack/conditionalget.rb:35:in `call'
  rack (1.5.2) lib/rack/head.rb:11:in `call'
  actionpack (4.1.0) lib/action_dispatch/middleware/params_parser.rb:27:in `call'
  actionpack (4.1.0) lib/action_dispatch/middleware/flash.rb:254:in `call'
  rack (1.5.2) lib/rack/session/abstract/id.rb:225:in `context'
  rack (1.5.2) lib/rack/session/abstract/id.rb:220:in `call'
  actionpack (4.1.0) lib/action_dispatch/middleware/cookies.rb:560:in `call'
  activerecord (4.1.0) lib/active_record/query_cache.rb:36:in `call'
  activerecord (4.1.0) lib/active_record/connection_adapters/abstract/connection_pool.rb:621:in `call'
  activerecord (4.1.0) lib/active_record/migration.rb:380:in `call'
  actionpack (4.1.0) lib/action_dispatch/middleware/callbacks.rb:29:in `block in call'
  activesupport (4.1.0) lib/active_support/callbacks.rb:82:in `run_callbacks'
  actionpack (4.1.0) lib/action_dispatch/middleware/callbacks.rb:27:in `call'
  actionpack (4.1.0) lib/action_dispatch/middleware/reloader.rb:73:in `call'
  actionpack (4.1.0) lib/action_dispatch/middleware/remote_ip.rb:76:in `call'
  actionpack (4.1.0) lib/action_dispatch/middleware/debug_exceptions.rb:17:in `call'
  actionpack (4.1.0) lib/action_dispatch/middleware/show_exceptions.rb:30:in `call'
  railties (4.1.0) lib/rails/rack/logger.rb:38:in `call_app'
  railties (4.1.0) lib/rails/rack/logger.rb:20:in `block in call'
  activesupport (4.1.0) lib/active_support/tagged_logging.rb:68:in `block in tagged'
  activesupport (4.1.0) lib/active_support/tagged_logging.rb:26:in `tagged'
  activesupport (4.1.0) lib/active_support/tagged_logging.rb:68:in `tagged'
  railties (4.1.0) lib/rails/rack/logger.rb:20:in `call'
  actionpack (4.1.0) lib/action_dispatch/middleware/request_id.rb:21:in `call'
  rack (1.5.2) lib/rack/methodoverride.rb:21:in `call'
  rack (1.5.2) lib/rack/runtime.rb:17:in `call'
  activesupport (4.1.0) lib/active_support/cache/strategy/local_cache_middleware.rb:26:in `call'
  rack (1.5.2) lib/rack/lock.rb:17:in `call'
  actionpack (4.1.0) lib/action_dispatch/middleware/static.rb:64:in `call'
  rack (1.5.2) lib/rack/sendfile.rb:112:in `call'
  railties (4.1.0) lib/rails/engine.rb:514:in `call'
  railties (4.1.0) lib/rails/application.rb:144:in `call'
  rack (1.5.2) lib/rack/lock.rb:17:in `call'
  rack (1.5.2) lib/rack/content_length.rb:14:in `call'
  rack (1.5.2) lib/rack/handler/webrick.rb:60:in `service'
  /Users/LeoT/.rbenv/versions/2.1.1/lib/ruby/2.1.0/webrick/httpserver.rb:138:in `service'
  /Users/LeoT/.rbenv/versions/2.1.1/lib/ruby/2.1.0/webrick/httpserver.rb:94:in `run'
  /Users/LeoT/.rbenv/versions/2.1.1/lib/ruby/2.1.0/webrick/server.rb:295:in `block in start_thread'


  Rendered /Users/LeoT/.rbenv/versions/2.1.1/lib/ruby/gems/2.1.0/gems/actionpack-4.1.0/lib/action_dispatch/middleware/templates/rescues/missing_template.html.erb within rescues/layout (0.4ms)


Started POST "/create" for 127.0.0.1 at 2014-07-08 13:07:43 +0800
Processing by SiteController#create as HTML
  Parameters: {"name"=>"test", "location"=>"test", "date"=>""}
Can't verify CSRF token authenticity
  Rendered site/index.html.erb within layouts/application (0.8ms)
Completed 500 Internal Server Error in 3ms

ActionView::Template::Error (undefined method `each' for nil:NilClass):
     8: <h2>Events</h2>
     9: 
    10: <ul>
    11:   <% @events.each do |event| %>
    12:     <li>
    13:       <%= event.name %>
    14:       <%= event.location %>
  app/views/site/index.html.erb:11:in `_app_views_site_index_html_erb__1598732260758296373_70093641719860'
  app/controllers/site_controller.rb:17:in `create'


  Rendered /Users/LeoT/.rbenv/versions/2.1.1/lib/ruby/gems/2.1.0/gems/actionpack-4.1.0/lib/action_dispatch/middleware/templates/rescues/_trace.html.erb (1.7ms)
  Rendered /Users/LeoT/.rbenv/versions/2.1.1/lib/ruby/gems/2.1.0/gems/actionpack-4.1.0/lib/action_dispatch/middleware/templates/rescues/_request_and_response.html.erb (1.5ms)
  Rendered /Users/LeoT/.rbenv/versions/2.1.1/lib/ruby/gems/2.1.0/gems/actionpack-4.1.0/lib/action_dispatch/middleware/templates/rescues/template_error.html.erb within rescues/layout (15.9ms)


Started POST "/create" for 127.0.0.1 at 2014-07-08 13:08:04 +0800
Processing by SiteController#create as HTML
  Parameters: {"name"=>"test", "location"=>"test", "date"=>""}
Can't verify CSRF token authenticity
Redirected to 
Completed 500 Internal Server Error in 4ms

NoMethodError (undefined method `index_url' for #<SiteController:0x007f7fe507fa28>):
  app/controllers/site_controller.rb:17:in `create'


  Rendered /Users/LeoT/.rbenv/versions/2.1.1/lib/ruby/gems/2.1.0/gems/actionpack-4.1.0/lib/action_dispatch/middleware/templates/rescues/_source.erb (0.8ms)
  Rendered /Users/LeoT/.rbenv/versions/2.1.1/lib/ruby/gems/2.1.0/gems/actionpack-4.1.0/lib/action_dispatch/middleware/templates/rescues/_trace.html.erb (1.1ms)
  Rendered /Users/LeoT/.rbenv/versions/2.1.1/lib/ruby/gems/2.1.0/gems/actionpack-4.1.0/lib/action_dispatch/middleware/templates/rescues/_request_and_response.html.erb (1.0ms)
  Rendered /Users/LeoT/.rbenv/versions/2.1.1/lib/ruby/gems/2.1.0/gems/actionpack-4.1.0/lib/action_dispatch/middleware/templates/rescues/diagnostics.erb within rescues/layout (17.4ms)


Started POST "/create" for 127.0.0.1 at 2014-07-08 13:08:19 +0800
Processing by SiteController#create as HTML
  Parameters: {"name"=>"test", "location"=>"test", "date"=>""}
Can't verify CSRF token authenticity
Redirected to http://localhost:3000/
Completed 302 Found in 1ms (ActiveRecord: 0.0ms)


Started GET "/" for 127.0.0.1 at 2014-07-08 13:08:19 +0800
Processing by SiteController#index as HTML
  [1m[36mEvent Load (0.3ms)[0m  [1mSELECT "events".* FROM "events"[0m
  Rendered site/index.html.erb within layouts/application (3.7ms)
Completed 200 OK in 7ms (Views: 4.9ms | ActiveRecord: 0.5ms)


Started GET "/new" for 127.0.0.1 at 2014-07-08 13:08:31 +0800
Processing by SiteController#new as HTML
  Rendered site/new.html.erb within layouts/application (0.0ms)
Completed 200 OK in 2ms (Views: 2.2ms | ActiveRecord: 0.0ms)


Started POST "/create" for 127.0.0.1 at 2014-07-08 13:08:38 +0800
Processing by SiteController#create as HTML
  Parameters: {"name"=>"test", "location"=>"test", "date"=>""}
Can't verify CSRF token authenticity
Redirected to http://localhost:3000/
Completed 302 Found in 1ms (ActiveRecord: 0.0ms)


Started GET "/" for 127.0.0.1 at 2014-07-08 13:08:38 +0800
Processing by SiteController#index as HTML
  [1m[35mEvent Load (0.1ms)[0m  SELECT "events".* FROM "events"
  Rendered site/index.html.erb within layouts/application (0.5ms)
Completed 200 OK in 2ms (Views: 1.9ms | ActiveRecord: 0.1ms)


Started GET "/new" for 127.0.0.1 at 2014-07-08 13:08:55 +0800
Processing by SiteController#new as HTML
  Rendered site/new.html.erb within layouts/application (0.0ms)
Completed 200 OK in 2ms (Views: 1.8ms | ActiveRecord: 0.0ms)


Started POST "/create" for 127.0.0.1 at 2014-07-08 13:08:58 +0800
Processing by SiteController#create as HTML
  Parameters: {"name"=>"test", "location"=>"test", "date"=>""}
Can't verify CSRF token authenticity
Redirected to http://localhost:3000/
Completed 302 Found in 1ms (ActiveRecord: 0.0ms)


Started GET "/" for 127.0.0.1 at 2014-07-08 13:08:58 +0800
Processing by SiteController#index as HTML
  [1m[36mEvent Load (0.3ms)[0m  [1mSELECT "events".* FROM "events"[0m
  Rendered site/index.html.erb within layouts/application (3.8ms)
Completed 200 OK in 7ms (Views: 5.0ms | ActiveRecord: 0.5ms)


Started GET "/" for 127.0.0.1 at 2014-07-08 13:11:14 +0800
Processing by SiteController#index as HTML
  [1m[35mEvent Load (0.2ms)[0m  SELECT "events".* FROM "events"
  Rendered site/index.html.erb within layouts/application (3.7ms)
Completed 200 OK in 7ms (Views: 5.3ms | ActiveRecord: 0.4ms)


Started GET "/new" for 127.0.0.1 at 2014-07-08 13:11:17 +0800
Processing by SiteController#new as HTML
  Rendered site/new.html.erb within layouts/application (0.0ms)
Completed 200 OK in 2ms (Views: 1.7ms | ActiveRecord: 0.0ms)


Started POST "/create" for 127.0.0.1 at 2014-07-08 13:11:36 +0800
Processing by SiteController#create as HTML
  Parameters: {"name"=>"test", "location"=>"test", "date"=>""}
Can't verify CSRF token authenticity
  [1m[36m (0.1ms)[0m  [1mbegin transaction[0m
  [1m[35mSQL (0.4ms)[0m  INSERT INTO "events" ("created_at", "date", "location", "name", "updated_at") VALUES (?, ?, ?, ?, ?)  [["created_at", "2014-07-08 05:11:36.324527"], ["date", "2014-07-08 05:11:36.321826"], ["location", "test"], ["name", "test"], ["updated_at", "2014-07-08 05:11:36.324527"]]
  [1m[36m (0.6ms)[0m  [1mcommit transaction[0m
Redirected to http://localhost:3000/
Completed 302 Found in 7ms (ActiveRecord: 1.0ms)


Started GET "/" for 127.0.0.1 at 2014-07-08 13:11:36 +0800
Processing by SiteController#index as HTML
  [1m[35mEvent Load (0.1ms)[0m  SELECT "events".* FROM "events"
  Rendered site/index.html.erb within layouts/application (0.6ms)
Completed 200 OK in 3ms (Views: 2.2ms | ActiveRecord: 0.1ms)


Started GET "/" for 127.0.0.1 at 2014-07-08 13:12:11 +0800
Processing by SiteController#index as HTML
  [1m[36mEvent Load (0.2ms)[0m  [1mSELECT "events".* FROM "events"[0m
  Rendered site/index.html.erb within layouts/application (1.5ms)
Completed 200 OK in 5ms (Views: 4.1ms | ActiveRecord: 0.2ms)


Started GET "/new" for 127.0.0.1 at 2014-07-08 13:12:13 +0800
Processing by SiteController#new as HTML
  Rendered site/new.html.erb within layouts/application (0.1ms)
Completed 200 OK in 3ms (Views: 2.5ms | ActiveRecord: 0.0ms)


Started POST "/create" for 127.0.0.1 at 2014-07-08 13:12:17 +0800
Processing by SiteController#create as HTML
  Parameters: {"name"=>"test2", "location"=>"test2", "date"=>""}
Can't verify CSRF token authenticity
  [1m[35m (0.1ms)[0m  begin transaction
  [1m[36mSQL (0.3ms)[0m  [1mINSERT INTO "events" ("created_at", "date", "location", "name", "updated_at") VALUES (?, ?, ?, ?, ?)[0m  [["created_at", "2014-07-08 05:12:17.480328"], ["date", "2014-07-08 05:12:17.479898"], ["location", "test2"], ["name", "test2"], ["updated_at", "2014-07-08 05:12:17.480328"]]
  [1m[35m (0.6ms)[0m  commit transaction
Redirected to http://localhost:3000/
Completed 302 Found in 3ms (ActiveRecord: 1.0ms)


Started GET "/" for 127.0.0.1 at 2014-07-08 13:12:17 +0800
Processing by SiteController#index as HTML
  [1m[36mEvent Load (0.3ms)[0m  [1mSELECT "events".* FROM "events"[0m
  Rendered site/index.html.erb within layouts/application (1.0ms)
Completed 200 OK in 3ms (Views: 2.5ms | ActiveRecord: 0.3ms)
